1645644803056:help
1645644876107:a 603000 Нижний_Новгород Nizhny_Novgorod 1200000
1645644897432:stacktrace
1645644951636:a new City(
1645644957379:a new City()
1645644963589:exit
1645645086899:a
1645645115145:a 60300 Нижний_Новгород N_Novgorod 120000
1645645161843:stacktrace
1645645183173:exit
1645645490008:a 1 YY YY 123
1645646147193:a 12 YY YY 123
1645646154696:stacktrace
1645646406967:a 12 YY YY 123
1645646412176:exit
1645647460465:help
1645647471159:add 123 NN NN 123654
1645791811808:all
1645791845361:script C:/Users/blond/IdeaProjects/itpapark2021/src\\main/resources/hw30shellscript.txt
1645791855890:script C:\\Users\\blond\\IdeaProjects\\itpapark2021\\src\\main\\resources\\hw30shellscript.txt
1645791887285:script C:/Users/blond/IdeaProjects/itpapark2021/src/main/resources/hw30shellscript.txt
1645791907103:del Богородск
1645791908934:фдд
1645791910987:all
1645791932141:exit
1645791997357:all
1645792061443:add 607600 -pop 33244 Богородск Bogorodsk
1645792063960:all
1645792070851:exit
1645792225411:all
1645792240956:help
1645792247956:find help
1645792253651:help find
1645792272133:find Адлер
1645792283910:учше
1645792286766:exit
